Started GET "/banks/" for 127.0.0.1 at 2023-11-07 23:53:25 -0600
Processing by BanksController#index as HTML
  Rendering layout layouts/application.html.erb
  Rendering banks/index.haml within layouts/application
  Rendered banks/index.haml within layouts/application (Duration: 0.4ms | Allocations: 343)
  Rendered layout layouts/application.html.erb (Duration: 3.7ms | Allocations: 2735)
Completed 200 OK in 20ms (Views: 4.1ms | ActiveRecord: 0.0ms | Allocations: 4396)


Started GET "/banks/" for 127.0.0.1 at 2023-11-07 23:53:52 -0600
Processing by BanksController#index as HTML
  Rendering layout layouts/application.html.erb
  Rendering banks/index.haml within layouts/application
  Rendered banks/index.haml within layouts/application (Duration: 0.3ms | Allocations: 343)
  Rendered layout layouts/application.html.erb (Duration: 3.3ms | Allocations: 2755)
Completed 200 OK in 18ms (Views: 4.0ms | ActiveRecord: 0.0ms | Allocations: 4433)


Started GET "/banks/" for 127.0.0.1 at 2023-11-07 23:53:52 -0600
Processing by BanksController#index as HTML
  Rendering layout layouts/application.html.erb
  Rendering banks/index.haml within layouts/application
  Rendered banks/index.haml within layouts/application (Duration: 0.4ms | Allocations: 343)
  Rendered layout layouts/application.html.erb (Duration: 3.3ms | Allocations: 2741)
Completed 200 OK in 17ms (Views: 3.8ms | ActiveRecord: 0.0ms | Allocations: 4419)


Started GET "/banks/" for 127.0.0.1 at 2023-11-07 23:53:53 -0600
Processing by BanksController#index as HTML
  Rendering layout layouts/application.html.erb
  Rendering banks/index.haml within layouts/application
  Rendered banks/index.haml within layouts/application (Duration: 0.3ms | Allocations: 343)
  Rendered layout layouts/application.html.erb (Duration: 3.5ms | Allocations: 2745)
Completed 200 OK in 18ms (Views: 4.0ms | ActiveRecord: 0.0ms | Allocations: 4409)


Started GET "/banks/" for 127.0.0.1 at 2023-11-07 23:53:55 -0600
Processing by BanksController#index as HTML
  Rendering layout layouts/application.html.erb
  Rendering banks/index.haml within layouts/application
  Rendered banks/index.haml within layouts/application (Duration: 0.3ms | Allocations: 343)
  Rendered layout layouts/application.html.erb (Duration: 3.2ms | Allocations: 2756)
Completed 200 OK in 19ms (Views: 3.7ms | ActiveRecord: 0.0ms | Allocations: 4417)


Started GET "/banks/" for 127.0.0.1 at 2023-11-07 23:54:52 -0600
Processing by BanksController#index as HTML
  Rendering layout layouts/application.html.erb
  Rendering banks/index.haml within layouts/application
  Rendered banks/index.haml within layouts/application (Duration: 4.3ms | Allocations: 6158)
  Rendered layout layouts/application.html.erb (Duration: 4.8ms | Allocations: 6405)
Completed 200 OK in 23ms (Views: 6.4ms | ActiveRecord: 0.0ms | Allocations: 8847)


Started GET "/banks/" for 127.0.0.1 at 2023-11-07 23:54:54 -0600
Processing by BanksController#index as HTML
  Rendering layout layouts/application.html.erb
  Rendering banks/index.haml within layouts/application
  Rendered banks/index.haml within layouts/application (Duration: 0.3ms | Allocations: 343)
  Rendered layout layouts/application.html.erb (Duration: 0.4ms | Allocations: 419)
Completed 200 OK in 14ms (Views: 0.9ms | ActiveRecord: 0.0ms | Allocations: 2081)


Started GET "/banks/" for 127.0.0.1 at 2023-11-07 23:54:55 -0600
Processing by BanksController#index as HTML
  Rendering layout layouts/application.html.erb
  Rendering banks/index.haml within layouts/application
  Rendered banks/index.haml within layouts/application (Duration: 0.3ms | Allocations: 343)
  Rendered layout layouts/application.html.erb (Duration: 0.4ms | Allocations: 419)
Completed 200 OK in 15ms (Views: 0.8ms | ActiveRecord: 0.0ms | Allocations: 2080)


Started GET "/banks/" for 127.0.0.1 at 2023-11-07 23:54:56 -0600
Processing by BanksController#index as HTML
  Rendering layout layouts/application.html.erb
  Rendering banks/index.haml within layouts/application
  Rendered banks/index.haml within layouts/application (Duration: 0.3ms | Allocations: 343)
  Rendered layout layouts/application.html.erb (Duration: 0.4ms | Allocations: 419)
Completed 200 OK in 50ms (Views: 0.8ms | ActiveRecord: 0.0ms | Allocations: 2080)


Started GET "/banks/" for 127.0.0.1 at 2023-11-07 23:55:41 -0600
Processing by BanksController#index as HTML
  Rendering layout layouts/application.haml
  Rendering banks/index.haml within layouts/application
  Rendered banks/index.haml within layouts/application (Duration: 5.2ms | Allocations: 6148)
  Rendered layout layouts/application.haml (Duration: 53.1ms | Allocations: 18604)
Completed 500 Internal Server Error in 73ms (ActiveRecord: 0.0ms | Allocations: 21028)


  
ActionView::Template::Error (Missing partial layouts/_shim with {:locale=>[:en], :formats=>[:html], :variants=>[], :handlers=>[:raw, :erb, :html, :builder, :ruby, :haml, :jbuilder]}.

Searched in:
  * "/Users/luismg/Desktop/Git/solido_web/app/views"
  * "/Users/luismg/.rbenv/versions/3.0.0/lib/ruby/gems/3.0.0/gems/turbo-rails-1.5.0/app/views"
  * "/Users/luismg/.rbenv/versions/3.0.0/lib/ruby/gems/3.0.0/gems/actiontext-7.0.8/app/views"
  * "/Users/luismg/.rbenv/versions/3.0.0/lib/ruby/gems/3.0.0/gems/actionmailbox-7.0.8/app/views"

Did you mean?  layouts/action_text/contents/content
               action_text/attachables/missing_attachable
               action_text/attachment_galleries/attachment_gallery
               active_storage/blobs/blob
               action_text/attachables/remote_image
               action_text/contents/content):
     5:     = stylesheet_link_tag    'application', media: 'all', 'data-turbolinks-track': 'reload'
     6:     = javascript_include_tag 'application', 'data-turbolinks-track': 'reload'
     7:     = csrf_meta_tags
     8:     = render 'layouts/shim'
     9:     = render 'layouts/meta'
    10:   %body
    11:     = render 'layouts/header'
  
app/views/layouts/application.haml:8
Started GET "/banks/" for 127.0.0.1 at 2023-11-07 23:56:00 -0600
Processing by BanksController#index as HTML
  Rendering layout layouts/application.haml
  Rendering banks/index.haml within layouts/application
  Rendered banks/index.haml within layouts/application (Duration: 3.8ms | Allocations: 6153)
  Rendered layout layouts/application.haml (Duration: 10.4ms | Allocations: 12529)
Completed 200 OK in 28ms (Views: 12.2ms | ActiveRecord: 0.0ms | Allocations: 14987)


Started GET "/banks/" for 127.0.0.1 at 2023-11-07 23:56:13 -0600
Processing by BanksController#index as HTML
  Rendering layout layouts/application.haml
  Rendering banks/index.haml within layouts/application
  Rendered banks/index.haml within layouts/application (Duration: 3.7ms | Allocations: 6148)
  Rendered layout layouts/application.haml (Duration: 13.4ms | Allocations: 15007)
Completed 500 Internal Server Error in 31ms (ActiveRecord: 0.0ms | Allocations: 17417)


  
ActionView::Template::Error (Missing partial layouts/_header with {:locale=>[:en], :formats=>[:html], :variants=>[], :handlers=>[:raw, :erb, :html, :builder, :ruby, :haml, :jbuilder]}.

Searched in:
  * "/Users/luismg/Desktop/Git/solido_web/app/views"
  * "/Users/luismg/.rbenv/versions/3.0.0/lib/ruby/gems/3.0.0/gems/turbo-rails-1.5.0/app/views"
  * "/Users/luismg/.rbenv/versions/3.0.0/lib/ruby/gems/3.0.0/gems/actiontext-7.0.8/app/views"
  * "/Users/luismg/.rbenv/versions/3.0.0/lib/ruby/gems/3.0.0/gems/actionmailbox-7.0.8/app/views"

Did you mean?  layouts/action_text/contents/content
               active_storage/blobs/blob
               action_text/attachables/remote_image
               action_text/contents/content
               action_text/attachment_galleries/attachment_gallery
               action_text/attachables/missing_attachable):
     6:     = javascript_include_tag 'application', 'data-turbolinks-track': 'reload'
     7:     = csrf_meta_tags
     8:   %body
     9:     = render 'layouts/header'
    10:     = yield
    11:     = render 'layouts/footer'
  
app/views/layouts/application.haml:9
Started GET "/banks/" for 127.0.0.1 at 2023-11-07 23:56:20 -0600
Processing by BanksController#index as HTML
  Rendering layout layouts/application.haml
  Rendering banks/index.haml within layouts/application
  Rendered banks/index.haml within layouts/application (Duration: 4.3ms | Allocations: 6151)
  Rendered layout layouts/application.haml (Duration: 11.5ms | Allocations: 12946)
Completed 200 OK in 29ms (Views: 13.2ms | ActiveRecord: 0.0ms | Allocations: 15403)


Started GET "/banks/" for 127.0.0.1 at 2023-11-07 23:56:21 -0600
Processing by BanksController#index as HTML
  Rendering layout layouts/application.haml
  Rendering banks/index.haml within layouts/application
  Rendered banks/index.haml within layouts/application (Duration: 0.3ms | Allocations: 343)
  Rendered layout layouts/application.haml (Duration: 4.0ms | Allocations: 3315)
Completed 200 OK in 21ms (Views: 4.5ms | ActiveRecord: 0.0ms | Allocations: 4979)


Started GET "/banks/" for 127.0.0.1 at 2023-11-07 23:56:22 -0600
Processing by BanksController#index as HTML
  Rendering layout layouts/application.haml
  Rendering banks/index.haml within layouts/application
  Rendered banks/index.haml within layouts/application (Duration: 0.3ms | Allocations: 343)
  Rendered layout layouts/application.haml (Duration: 3.7ms | Allocations: 3321)
Completed 200 OK in 18ms (Views: 4.1ms | ActiveRecord: 0.0ms | Allocations: 5000)


Started GET "/banks/" for 127.0.0.1 at 2023-11-07 23:56:22 -0600
Processing by BanksController#index as HTML
  Rendering layout layouts/application.haml
  Rendering banks/index.haml within layouts/application
  Rendered banks/index.haml within layouts/application (Duration: 0.3ms | Allocations: 343)
  Rendered layout layouts/application.haml (Duration: 4.0ms | Allocations: 3351)
Completed 200 OK in 18ms (Views: 4.4ms | ActiveRecord: 0.0ms | Allocations: 5014)


Started GET "/banks/" for 127.0.0.1 at 2023-11-07 23:56:46 -0600
Processing by BanksController#index as HTML
  Rendering layout layouts/application.haml
  Rendering banks/index.haml within layouts/application
  Rendered banks/index.haml within layouts/application (Duration: 0.3ms | Allocations: 343)
  Rendered layout layouts/application.haml (Duration: 22.6ms | Allocations: 6113)
Completed 200 OK in 38ms (Views: 23.0ms | ActiveRecord: 0.0ms | Allocations: 7776)


Started GET "/banks/" for 127.0.0.1 at 2023-11-07 23:57:03 -0600
Processing by BanksController#index as HTML
  Rendering layout layouts/application.haml
  Rendering banks/index.haml within layouts/application
  Rendered banks/index.haml within layouts/application (Duration: 0.3ms | Allocations: 343)
  Rendered layout layouts/application.haml (Duration: 4.3ms | Allocations: 3331)
Completed 200 OK in 20ms (Views: 4.8ms | ActiveRecord: 0.0ms | Allocations: 4994)


Started GET "/banks/" for 127.0.0.1 at 2023-11-07 23:57:12 -0600
Processing by BanksController#index as HTML
  Rendering layout layouts/application.haml
  Rendering banks/index.haml within layouts/application
  Rendered banks/index.haml within layouts/application (Duration: 0.3ms | Allocations: 343)
  Rendered layout layouts/application.haml (Duration: 4.6ms | Allocations: 3373)
Completed 200 OK in 20ms (Views: 5.1ms | ActiveRecord: 0.0ms | Allocations: 5036)


Started GET "/banks/" for 127.0.0.1 at 2023-11-07 23:58:05 -0600
Processing by BanksController#index as HTML
  Rendering layout layouts/application.haml
  Rendering banks/index.haml within layouts/application
  Rendered banks/index.haml within layouts/application (Duration: 0.3ms | Allocations: 343)
  Rendered layout layouts/application.haml (Duration: 7.8ms | Allocations: 5652)
Completed 200 OK in 24ms (Views: 8.2ms | ActiveRecord: 0.0ms | Allocations: 7315)


Started GET "/banks/" for 127.0.0.1 at 2023-11-07 23:58:07 -0600
Processing by BanksController#index as HTML
  Rendering layout layouts/application.haml
  Rendering banks/index.haml within layouts/application
  Rendered banks/index.haml within layouts/application (Duration: 0.5ms | Allocations: 343)
  Rendered layout layouts/application.haml (Duration: 3.8ms | Allocations: 3325)
Completed 200 OK in 18ms (Views: 4.2ms | ActiveRecord: 0.0ms | Allocations: 4988)


Started GET "/banks/" for 127.0.0.1 at 2023-11-07 23:58:08 -0600
Processing by BanksController#index as HTML
  Rendering layout layouts/application.haml
  Rendering banks/index.haml within layouts/application
  Rendered banks/index.haml within layouts/application (Duration: 0.3ms | Allocations: 343)
  Rendered layout layouts/application.haml (Duration: 3.8ms | Allocations: 3317)
Completed 200 OK in 18ms (Views: 4.2ms | ActiveRecord: 0.0ms | Allocations: 4980)


Started GET "/banks/" for 127.0.0.1 at 2023-11-07 23:58:20 -0600
Processing by BanksController#index as HTML
  Rendering layout layouts/application.haml
  Rendering banks/index.haml within layouts/application
  Rendered banks/index.haml within layouts/application (Duration: 0.3ms | Allocations: 343)
  Rendered layout layouts/application.haml (Duration: 4.4ms | Allocations: 3365)
Completed 200 OK in 20ms (Views: 4.8ms | ActiveRecord: 0.0ms | Allocations: 5028)


Started GET "/banks/" for 127.0.0.1 at 2023-11-07 23:59:56 -0600
  [1m[36mActiveRecord::SchemaMigration Pluck (0.1ms)[0m  [1m[34mSELECT "schema_migrations"."version" FROM "schema_migrations" ORDER BY "schema_migrations"."version" ASC[0m
Processing by BanksController#index as HTML
  Rendering layout layouts/application.haml
  Rendering banks/index.haml within layouts/application
  Rendered banks/index.haml within layouts/application (Duration: 9.5ms | Allocations: 13728)
  Rendered layout layouts/application.haml (Duration: 55.6ms | Allocations: 42115)
Completed 200 OK in 81ms (Views: 58.7ms | ActiveRecord: 0.0ms | Allocations: 50619)


Started GET "/banks/" for 127.0.0.1 at 2023-11-07 23:59:58 -0600
Processing by BanksController#index as HTML
  Rendering layout layouts/application.haml
  Rendering banks/index.haml within layouts/application
  Rendered banks/index.haml within layouts/application (Duration: 0.4ms | Allocations: 343)
  Rendered layout layouts/application.haml (Duration: 3.9ms | Allocations: 3322)
Completed 200 OK in 18ms (Views: 4.4ms | ActiveRecord: 0.0ms | Allocations: 4991)


Started GET "/banks/" for 127.0.0.1 at 2023-11-08 00:01:12 -0600
  [1m[36mActiveRecord::SchemaMigration Pluck (0.1ms)[0m  [1m[34mSELECT "schema_migrations"."version" FROM "schema_migrations" ORDER BY "schema_migrations"."version" ASC[0m
Processing by BanksController#index as HTML
  Rendering layout layouts/application.haml
  Rendering banks/index.haml within layouts/application
  Rendered banks/index.haml within layouts/application (Duration: 9.4ms | Allocations: 13728)
  Rendered layout layouts/application.haml (Duration: 52.6ms | Allocations: 41981)
Completed 200 OK in 78ms (Views: 55.5ms | ActiveRecord: 0.0ms | Allocations: 50486)


Started GET "/banks/" for 127.0.0.1 at 2023-11-08 00:01:14 -0600
Processing by BanksController#index as HTML
  Rendering layout layouts/application.haml
  Rendering banks/index.haml within layouts/application
  Rendered banks/index.haml within layouts/application (Duration: 0.3ms | Allocations: 343)
  Rendered layout layouts/application.haml (Duration: 4.1ms | Allocations: 3322)
Completed 200 OK in 19ms (Views: 4.5ms | ActiveRecord: 0.0ms | Allocations: 4991)


Started GET "/banks/" for 127.0.0.1 at 2023-11-08 00:01:21 -0600
Processing by BanksController#index as HTML
  Rendering layout layouts/application.haml
  Rendering banks/index.haml within layouts/application
  Rendered banks/index.haml within layouts/application (Duration: 0.3ms | Allocations: 343)
  Rendered layout layouts/application.haml (Duration: 3.9ms | Allocations: 3320)
Completed 200 OK in 18ms (Views: 4.3ms | ActiveRecord: 0.0ms | Allocations: 4986)


Started GET "/banks/" for 127.0.0.1 at 2023-11-08 00:03:22 -0600
Processing by BanksController#index as HTML
  Rendering layout layouts/application.haml
  Rendering banks/index.haml within layouts/application
  Rendered banks/index.haml within layouts/application (Duration: 0.3ms | Allocations: 343)
  Rendered layout layouts/application.haml (Duration: 3400.8ms | Allocations: 52203)
Completed 200 OK in 3417ms (Views: 3401.2ms | ActiveRecord: 0.0ms | Allocations: 53866)


